<?xml version="1.0" encoding="UTF-8"?>
<testsuite xmlns:xsi="http://www.w3.org/2001/XMLSchema-instance" xsi:noNamespaceSchemaLocation="https://maven.apache.org/surefire/maven-surefire-plugin/xsd/surefire-test-report.xsd" name="com.example.demo.EurekanamingServerApplicationTests" time="0.453" tests="1" errors="1" skipped="0" failures="0">
  <properties>
    <property name="java.specification.version" value="17"/>
    <property name="sun.cpu.isalist" value="amd64"/>
    <property name="sun.jnu.encoding" value="Cp1252"/>
    <property name="java.class.path" value="E:\Eurkea and Api gatway naveen\New folder (2)\eurekanaming-server\target\test-classes;E:\Eurkea and Api gatway naveen\New folder (2)\eurekanaming-server\target\classes;C:\Users\ustjavafsdb416\.m2\repository\org\springframework\cloud\spring-cloud-starter-netflix-eureka-server\4.0.0\spring-cloud-starter-netflix-eureka-server-4.0.0.jar;C:\Users\ustjavafsdb416\.m2\repository\org\springframework\cloud\spring-cloud-starter\4.0.0\spring-cloud-starter-4.0.0.jar;C:\Users\ustjavafsdb416\.m2\repository\org\springframework\cloud\spring-cloud-context\4.0.0\spring-cloud-context-4.0.0.jar;C:\Users\ustjavafsdb416\.m2\repository\org\springframework\security\spring-security-crypto\6.0.1\spring-security-crypto-6.0.1.jar;C:\Users\ustjavafsdb416\.m2\repository\org\springframework\cloud\spring-cloud-commons\4.0.0\spring-cloud-commons-4.0.0.jar;C:\Users\ustjavafsdb416\.m2\repository\org\springframework\security\spring-security-rsa\1.0.11.RELEASE\spring-security-rsa-1.0.11.RELEASE.jar;C:\Users\ustjavafsdb416\.m2\repository\org\bouncycastle\bcpkix-jdk15on\1.69\bcpkix-jdk15on-1.69.jar;C:\Users\ustjavafsdb416\.m2\repository\org\bouncycastle\bcprov-jdk15on\1.69\bcprov-jdk15on-1.69.jar;C:\Users\ustjavafsdb416\.m2\repository\org\bouncycastle\bcutil-jdk15on\1.69\bcutil-jdk15on-1.69.jar;C:\Users\ustjavafsdb416\.m2\repository\org\springframework\cloud\spring-cloud-netflix-eureka-server\4.0.0\spring-cloud-netflix-eureka-server-4.0.0.jar;C:\Users\ustjavafsdb416\.m2\repository\org\springframework\boot\spring-boot-starter-web\3.0.2\spring-boot-starter-web-3.0.2.jar;C:\Users\ustjavafsdb416\.m2\repository\org\springframework\boot\spring-boot-starter-json\3.0.2\spring-boot-starter-json-3.0.2.jar;C:\Users\ustjavafsdb416\.m2\repository\com\fasterxml\jackson\datatype\jackson-datatype-jdk8\2.14.1\jackson-datatype-jdk8-2.14.1.jar;C:\Users\ustjavafsdb416\.m2\repository\com\fasterxml\jackson\datatype\jackson-datatype-jsr310\2.14.1\jackson-datatype-jsr310-2.14.1.jar;C:\Users\ustjavafsdb416\.m2\repository\com\fasterxml\jackson\module\jackson-module-parameter-names\2.14.1\jackson-module-parameter-names-2.14.1.jar;C:\Users\ustjavafsdb416\.m2\repository\org\springframework\boot\spring-boot-starter-tomcat\3.0.2\spring-boot-starter-tomcat-3.0.2.jar;C:\Users\ustjavafsdb416\.m2\repository\org\apache\tomcat\embed\tomcat-embed-core\10.1.5\tomcat-embed-core-10.1.5.jar;C:\Users\ustjavafsdb416\.m2\repository\org\apache\tomcat\embed\tomcat-embed-el\10.1.5\tomcat-embed-el-10.1.5.jar;C:\Users\ustjavafsdb416\.m2\repository\org\apache\tomcat\embed\tomcat-embed-websocket\10.1.5\tomcat-embed-websocket-10.1.5.jar;C:\Users\ustjavafsdb416\.m2\repository\org\springframework\spring-web\6.0.4\spring-web-6.0.4.jar;C:\Users\ustjavafsdb416\.m2\repository\org\springframework\spring-beans\6.0.4\spring-beans-6.0.4.jar;C:\Users\ustjavafsdb416\.m2\repository\org\springframework\spring-webmvc\6.0.4\spring-webmvc-6.0.4.jar;C:\Users\ustjavafsdb416\.m2\repository\org\springframework\spring-aop\6.0.4\spring-aop-6.0.4.jar;C:\Users\ustjavafsdb416\.m2\repository\org\springframework\spring-expression\6.0.4\spring-expression-6.0.4.jar;C:\Users\ustjavafsdb416\.m2\repository\org\springframework\boot\spring-boot-starter-actuator\3.0.2\spring-boot-starter-actuator-3.0.2.jar;C:\Users\ustjavafsdb416\.m2\repository\org\springframework\boot\spring-boot-actuator-autoconfigure\3.0.2\spring-boot-actuator-autoconfigure-3.0.2.jar;C:\Users\ustjavafsdb416\.m2\repository\org\springframework\boot\spring-boot-actuator\3.0.2\spring-boot-actuator-3.0.2.jar;C:\Users\ustjavafsdb416\.m2\repository\io\micrometer\micrometer-observation\1.10.3\micrometer-observation-1.10.3.jar;C:\Users\ustjavafsdb416\.m2\repository\io\micrometer\micrometer-commons\1.10.3\micrometer-commons-1.10.3.jar;C:\Users\ustjavafsdb416\.m2\repository\io\micrometer\micrometer-core\1.10.3\micrometer-core-1.10.3.jar;C:\Users\ustjavafsdb416\.m2\repository\org\hdrhistogram\HdrHistogram\2.1.12\HdrHistogram-2.1.12.jar;C:\Users\ustjavafsdb416\.m2\repository\org\latencyutils\LatencyUtils\2.0.3\LatencyUtils-2.0.3.jar;C:\Users\ustjavafsdb416\.m2\repository\org\springframework\boot\spring-boot-starter-freemarker\3.0.2\spring-boot-starter-freemarker-3.0.2.jar;C:\Users\ustjavafsdb416\.m2\repository\org\freemarker\freemarker\2.3.32\freemarker-2.3.32.jar;C:\Users\ustjavafsdb416\.m2\repository\org\springframework\spring-context-support\6.0.4\spring-context-support-6.0.4.jar;C:\Users\ustjavafsdb416\.m2\repository\org\springframework\cloud\spring-cloud-netflix-eureka-client\4.0.0\spring-cloud-netflix-eureka-client-4.0.0.jar;C:\Users\ustjavafsdb416\.m2\repository\com\netflix\eureka\eureka-client\2.0.0\eureka-client-2.0.0.jar;C:\Users\ustjavafsdb416\.m2\repository\com\netflix\netflix-commons\netflix-eventbus\0.3.0\netflix-eventbus-0.3.0.jar;C:\Users\ustjavafsdb416\.m2\repository\com\netflix\netflix-commons\netflix-infix\0.3.0\netflix-infix-0.3.0.jar;C:\Users\ustjavafsdb416\.m2\repository\commons-jxpath\commons-jxpath\1.3\commons-jxpath-1.3.jar;C:\Users\ustjavafsdb416\.m2\repository\joda-time\joda-time\2.3\joda-time-2.3.jar;C:\Users\ustjavafsdb416\.m2\repository\org\antlr\antlr-runtime\3.4\antlr-runtime-3.4.jar;C:\Users\ustjavafsdb416\.m2\repository\org\antlr\stringtemplate\3.2.1\stringtemplate-3.2.1.jar;C:\Users\ustjavafsdb416\.m2\repository\antlr\antlr\2.7.7\antlr-2.7.7.jar;C:\Users\ustjavafsdb416\.m2\repository\com\google\code\gson\gson\2.9.1\gson-2.9.1.jar;C:\Users\ustjavafsdb416\.m2\repository\org\apache\commons\commons-math\2.2\commons-math-2.2.jar;C:\Users\ustjavafsdb416\.m2\repository\com\thoughtworks\xstream\xstream\1.4.19\xstream-1.4.19.jar;C:\Users\ustjavafsdb416\.m2\repository\io\github\x-stream\mxparser\1.2.2\mxparser-1.2.2.jar;C:\Users\ustjavafsdb416\.m2\repository\xmlpull\xmlpull\1.1.3.1\xmlpull-1.1.3.1.jar;C:\Users\ustjavafsdb416\.m2\repository\com\netflix\servo\servo-core\0.12.21\servo-core-0.12.21.jar;C:\Users\ustjavafsdb416\.m2\repository\com\google\guava\guava\19.0\guava-19.0.jar;C:\Users\ustjavafsdb416\.m2\repository\org\apache\httpcomponents\httpclient\4.5.14\httpclient-4.5.14.jar;C:\Users\ustjavafsdb416\.m2\repository\org\apache\httpcomponents\httpcore\4.4.16\httpcore-4.4.16.jar;C:\Users\ustjavafsdb416\.m2\repository\commons-configuration\commons-configuration\1.10\commons-configuration-1.10.jar;C:\Users\ustjavafsdb416\.m2\repository\commons-lang\commons-lang\2.6\commons-lang-2.6.jar;C:\Users\ustjavafsdb416\.m2\repository\org\codehaus\jettison\jettison\1.4.0\jettison-1.4.0.jar;C:\Users\ustjavafsdb416\.m2\repository\org\apache\httpcomponents\client5\httpclient5\5.1.4\httpclient5-5.1.4.jar;C:\Users\ustjavafsdb416\.m2\repository\org\apache\httpcomponents\core5\httpcore5\5.1.5\httpcore5-5.1.5.jar;C:\Users\ustjavafsdb416\.m2\repository\org\apache\httpcomponents\core5\httpcore5-h2\5.1.5\httpcore5-h2-5.1.5.jar;C:\Users\ustjavafsdb416\.m2\repository\commons-codec\commons-codec\1.15\commons-codec-1.15.jar;C:\Users\ustjavafsdb416\.m2\repository\com\netflix\eureka\eureka-client-jersey3\2.0.0\eureka-client-jersey3-2.0.0.jar;C:\Users\ustjavafsdb416\.m2\repository\org\glassfish\jersey\connectors\jersey-apache-connector\3.1.0\jersey-apache-connector-3.1.0.jar;C:\Users\ustjavafsdb416\.m2\repository\com\netflix\eureka\eureka-core-jersey3\2.0.0\eureka-core-jersey3-2.0.0.jar;C:\Users\ustjavafsdb416\.m2\repository\com\netflix\eureka\eureka-core\2.0.0\eureka-core-2.0.0.jar;C:\Users\ustjavafsdb416\.m2\repository\jakarta\servlet\jakarta.servlet-api\6.0.0\jakarta.servlet-api-6.0.0.jar;C:\Users\ustjavafsdb416\.m2\repository\org\glassfish\jersey\containers\jersey-container-servlet\3.1.0\jersey-container-servlet-3.1.0.jar;C:\Users\ustjavafsdb416\.m2\repository\org\glassfish\jersey\containers\jersey-container-servlet-core\3.1.0\jersey-container-servlet-core-3.1.0.jar;C:\Users\ustjavafsdb416\.m2\repository\org\glassfish\jersey\core\jersey-common\3.1.0\jersey-common-3.1.0.jar;C:\Users\ustjavafsdb416\.m2\repository\org\glassfish\hk2\osgi-resource-locator\1.0.3\osgi-resource-locator-1.0.3.jar;C:\Users\ustjavafsdb416\.m2\repository\jakarta\ws\rs\jakarta.ws.rs-api\3.1.0\jakarta.ws.rs-api-3.1.0.jar;C:\Users\ustjavafsdb416\.m2\repository\org\glassfish\jersey\core\jersey-server\3.1.0\jersey-server-3.1.0.jar;C:\Users\ustjavafsdb416\.m2\repository\jakarta\validation\jakarta.validation-api\3.0.2\jakarta.validation-api-3.0.2.jar;C:\Users\ustjavafsdb416\.m2\repository\org\glassfish\jersey\core\jersey-client\3.1.0\jersey-client-3.1.0.jar;C:\Users\ustjavafsdb416\.m2\repository\org\glassfish\jersey\inject\jersey-hk2\3.1.0\jersey-hk2-3.1.0.jar;C:\Users\ustjavafsdb416\.m2\repository\org\glassfish\hk2\hk2-locator\3.0.3\hk2-locator-3.0.3.jar;C:\Users\ustjavafsdb416\.m2\repository\org\glassfish\hk2\external\aopalliance-repackaged\3.0.3\aopalliance-repackaged-3.0.3.jar;C:\Users\ustjavafsdb416\.m2\repository\org\glassfish\hk2\hk2-utils\3.0.3\hk2-utils-3.0.3.jar;C:\Users\ustjavafsdb416\.m2\repository\org\javassist\javassist\3.28.0-GA\javassist-3.28.0-GA.jar;C:\Users\ustjavafsdb416\.m2\repository\org\glassfish\hk2\spring-bridge\3.0.3\spring-bridge-3.0.3.jar;C:\Users\ustjavafsdb416\.m2\repository\org\glassfish\hk2\hk2-api\3.0.3\hk2-api-3.0.3.jar;C:\Users\ustjavafsdb416\.m2\repository\org\springframework\spring-context\6.0.4\spring-context-6.0.4.jar;C:\Users\ustjavafsdb416\.m2\repository\jakarta\inject\jakarta.inject-api\2.0.1\jakarta.inject-api-2.0.1.jar;C:\Users\ustjavafsdb416\.m2\repository\com\fasterxml\jackson\dataformat\jackson-dataformat-xml\2.14.1\jackson-dataformat-xml-2.14.1.jar;C:\Users\ustjavafsdb416\.m2\repository\com\fasterxml\jackson\core\jackson-core\2.14.1\jackson-core-2.14.1.jar;C:\Users\ustjavafsdb416\.m2\repository\com\fasterxml\jackson\core\jackson-annotations\2.14.1\jackson-annotations-2.14.1.jar;C:\Users\ustjavafsdb416\.m2\repository\com\fasterxml\jackson\core\jackson-databind\2.14.1\jackson-databind-2.14.1.jar;C:\Users\ustjavafsdb416\.m2\repository\org\codehaus\woodstox\stax2-api\4.2.1\stax2-api-4.2.1.jar;C:\Users\ustjavafsdb416\.m2\repository\com\fasterxml\woodstox\woodstox-core\6.4.0\woodstox-core-6.4.0.jar;C:\Users\ustjavafsdb416\.m2\repository\org\springframework\cloud\spring-cloud-starter-loadbalancer\4.0.0\spring-cloud-starter-loadbalancer-4.0.0.jar;C:\Users\ustjavafsdb416\.m2\repository\org\springframework\cloud\spring-cloud-loadbalancer\4.0.0\spring-cloud-loadbalancer-4.0.0.jar;C:\Users\ustjavafsdb416\.m2\repository\io\projectreactor\reactor-core\3.5.2\reactor-core-3.5.2.jar;C:\Users\ustjavafsdb416\.m2\repository\org\reactivestreams\reactive-streams\1.0.4\reactive-streams-1.0.4.jar;C:\Users\ustjavafsdb416\.m2\repository\io\projectreactor\addons\reactor-extra\3.5.0\reactor-extra-3.5.0.jar;C:\Users\ustjavafsdb416\.m2\repository\org\springframework\boot\spring-boot-starter-cache\3.0.2\spring-boot-starter-cache-3.0.2.jar;C:\Users\ustjavafsdb416\.m2\repository\com\stoyanr\evictor\1.0.0\evictor-1.0.0.jar;C:\Users\ustjavafsdb416\.m2\repository\org\glassfish\jaxb\jaxb-runtime\4.0.1\jaxb-runtime-4.0.1.jar;C:\Users\ustjavafsdb416\.m2\repository\org\glassfish\jaxb\jaxb-core\4.0.1\jaxb-core-4.0.1.jar;C:\Users\ustjavafsdb416\.m2\repository\org\eclipse\angus\angus-activation\1.0.0\angus-activation-1.0.0.jar;C:\Users\ustjavafsdb416\.m2\repository\org\glassfish\jaxb\txw2\4.0.1\txw2-4.0.1.jar;C:\Users\ustjavafsdb416\.m2\repository\com\sun\istack\istack-commons-runtime\4.1.1\istack-commons-runtime-4.1.1.jar;C:\Users\ustjavafsdb416\.m2\repository\org\springframework\boot\spring-boot-starter-test\3.0.2\spring-boot-starter-test-3.0.2.jar;C:\Users\ustjavafsdb416\.m2\repository\org\springframework\boot\spring-boot-starter\3.0.2\spring-boot-starter-3.0.2.jar;C:\Users\ustjavafsdb416\.m2\repository\org\springframework\boot\spring-boot\3.0.2\spring-boot-3.0.2.jar;C:\Users\ustjavafsdb416\.m2\repository\org\springframework\boot\spring-boot-autoconfigure\3.0.2\spring-boot-autoconfigure-3.0.2.jar;C:\Users\ustjavafsdb416\.m2\repository\org\springframework\boot\spring-boot-starter-logging\3.0.2\spring-boot-starter-logging-3.0.2.jar;C:\Users\ustjavafsdb416\.m2\repository\ch\qos\logback\logback-classic\1.4.5\logback-classic-1.4.5.jar;C:\Users\ustjavafsdb416\.m2\repository\ch\qos\logback\logback-core\1.4.5\logback-core-1.4.5.jar;C:\Users\ustjavafsdb416\.m2\repository\org\apache\logging\log4j\log4j-to-slf4j\2.19.0\log4j-to-slf4j-2.19.0.jar;C:\Users\ustjavafsdb416\.m2\repository\org\apache\logging\log4j\log4j-api\2.19.0\log4j-api-2.19.0.jar;C:\Users\ustjavafsdb416\.m2\repository\org\slf4j\jul-to-slf4j\2.0.6\jul-to-slf4j-2.0.6.jar;C:\Users\ustjavafsdb416\.m2\repository\jakarta\annotation\jakarta.annotation-api\2.1.1\jakarta.annotation-api-2.1.1.jar;C:\Users\ustjavafsdb416\.m2\repository\org\yaml\snakeyaml\1.33\snakeyaml-1.33.jar;C:\Users\ustjavafsdb416\.m2\repository\org\springframework\boot\spring-boot-test\3.0.2\spring-boot-test-3.0.2.jar;C:\Users\ustjavafsdb416\.m2\repository\org\springframework\boot\spring-boot-test-autoconfigure\3.0.2\spring-boot-test-autoconfigure-3.0.2.jar;C:\Users\ustjavafsdb416\.m2\repository\com\jayway\jsonpath\json-path\2.7.0\json-path-2.7.0.jar;C:\Users\ustjavafsdb416\.m2\repository\net\minidev\json-smart\2.4.8\json-smart-2.4.8.jar;C:\Users\ustjavafsdb416\.m2\repository\net\minidev\accessors-smart\2.4.8\accessors-smart-2.4.8.jar;C:\Users\ustjavafsdb416\.m2\repository\org\ow2\asm\asm\9.1\asm-9.1.jar;C:\Users\ustjavafsdb416\.m2\repository\org\slf4j\slf4j-api\2.0.6\slf4j-api-2.0.6.jar;C:\Users\ustjavafsdb416\.m2\repository\jakarta\xml\bind\jakarta.xml.bind-api\4.0.0\jakarta.xml.bind-api-4.0.0.jar;C:\Users\ustjavafsdb416\.m2\repository\jakarta\activation\jakarta.activation-api\2.1.1\jakarta.activation-api-2.1.1.jar;C:\Users\ustjavafsdb416\.m2\repository\org\assertj\assertj-core\3.23.1\assertj-core-3.23.1.jar;C:\Users\ustjavafsdb416\.m2\repository\net\bytebuddy\byte-buddy\1.12.22\byte-buddy-1.12.22.jar;C:\Users\ustjavafsdb416\.m2\repository\org\hamcrest\hamcrest\2.2\hamcrest-2.2.jar;C:\Users\ustjavafsdb416\.m2\repository\org\junit\jupiter\junit-jupiter\5.9.2\junit-jupiter-5.9.2.jar;C:\Users\ustjavafsdb416\.m2\repository\org\junit\jupiter\junit-jupiter-api\5.9.2\junit-jupiter-api-5.9.2.jar;C:\Users\ustjavafsdb416\.m2\repository\org\opentest4j\opentest4j\1.2.0\opentest4j-1.2.0.jar;C:\Users\ustjavafsdb416\.m2\repository\org\junit\platform\junit-platform-commons\1.9.2\junit-platform-commons-1.9.2.jar;C:\Users\ustjavafsdb416\.m2\repository\org\apiguardian\apiguardian-api\1.1.2\apiguardian-api-1.1.2.jar;C:\Users\ustjavafsdb416\.m2\repository\org\junit\jupiter\junit-jupiter-params\5.9.2\junit-jupiter-params-5.9.2.jar;C:\Users\ustjavafsdb416\.m2\repository\org\junit\jupiter\junit-jupiter-engine\5.9.2\junit-jupiter-engine-5.9.2.jar;C:\Users\ustjavafsdb416\.m2\repository\org\junit\platform\junit-platform-engine\1.9.2\junit-platform-engine-1.9.2.jar;C:\Users\ustjavafsdb416\.m2\repository\org\mockito\mockito-core\4.8.1\mockito-core-4.8.1.jar;C:\Users\ustjavafsdb416\.m2\repository\net\bytebuddy\byte-buddy-agent\1.12.22\byte-buddy-agent-1.12.22.jar;C:\Users\ustjavafsdb416\.m2\repository\org\objenesis\objenesis\3.2\objenesis-3.2.jar;C:\Users\ustjavafsdb416\.m2\repository\org\mockito\mockito-junit-jupiter\4.8.1\mockito-junit-jupiter-4.8.1.jar;C:\Users\ustjavafsdb416\.m2\repository\org\skyscreamer\jsonassert\1.5.1\jsonassert-1.5.1.jar;C:\Users\ustjavafsdb416\.m2\repository\com\vaadin\external\google\android-json\0.0.20131108.vaadin1\android-json-0.0.20131108.vaadin1.jar;C:\Users\ustjavafsdb416\.m2\repository\org\springframework\spring-core\6.0.4\spring-core-6.0.4.jar;C:\Users\ustjavafsdb416\.m2\repository\org\springframework\spring-jcl\6.0.4\spring-jcl-6.0.4.jar;C:\Users\ustjavafsdb416\.m2\repository\org\springframework\spring-test\6.0.4\spring-test-6.0.4.jar;C:\Users\ustjavafsdb416\.m2\repository\org\xmlunit\xmlunit-core\2.9.1\xmlunit-core-2.9.1.jar;"/>
    <property name="java.vm.vendor" value="Eclipse Adoptium"/>
    <property name="sun.arch.data.model" value="64"/>
    <property name="user.variant" value=""/>
    <property name="java.vendor.url" value="https://adoptium.net/"/>
    <property name="user.timezone" value="GMT+05:30"/>
    <property name="os.name" value="Windows 10"/>
    <property name="java.vm.specification.version" value="17"/>
    <property name="sun.java.launcher" value="SUN_STANDARD"/>
    <property name="user.country" value="IN"/>
    <property name="sun.boot.library.path" value="C:\Users\ustjavafsdb416\.p2\pool\plugins\org.eclipse.justj.openjdk.hotspot.jre.full.win32.x86_64_17.0.5.v20221102-0933\jre\bin"/>
    <property name="sun.java.command" value="C:\Users\USTJAV~1\AppData\Local\Temp\surefire12027849989585197990\surefirebooter200555603124949437.jar C:\Users\ustjavafsdb416\AppData\Local\Temp\surefire12027849989585197990 2023-01-27T17-02-56_015-jvmRun1 surefire5872108039913677796tmp surefire_01815968481601675493tmp"/>
    <property name="jdk.debug" value="release"/>
    <property name="surefire.test.class.path" value="E:\Eurkea and Api gatway naveen\New folder (2)\eurekanaming-server\target\test-classes;E:\Eurkea and Api gatway naveen\New folder (2)\eurekanaming-server\target\classes;C:\Users\ustjavafsdb416\.m2\repository\org\springframework\cloud\spring-cloud-starter-netflix-eureka-server\4.0.0\spring-cloud-starter-netflix-eureka-server-4.0.0.jar;C:\Users\ustjavafsdb416\.m2\repository\org\springframework\cloud\spring-cloud-starter\4.0.0\spring-cloud-starter-4.0.0.jar;C:\Users\ustjavafsdb416\.m2\repository\org\springframework\cloud\spring-cloud-context\4.0.0\spring-cloud-context-4.0.0.jar;C:\Users\ustjavafsdb416\.m2\repository\org\springframework\security\spring-security-crypto\6.0.1\spring-security-crypto-6.0.1.jar;C:\Users\ustjavafsdb416\.m2\repository\org\springframework\cloud\spring-cloud-commons\4.0.0\spring-cloud-commons-4.0.0.jar;C:\Users\ustjavafsdb416\.m2\repository\org\springframework\security\spring-security-rsa\1.0.11.RELEASE\spring-security-rsa-1.0.11.RELEASE.jar;C:\Users\ustjavafsdb416\.m2\repository\org\bouncycastle\bcpkix-jdk15on\1.69\bcpkix-jdk15on-1.69.jar;C:\Users\ustjavafsdb416\.m2\repository\org\bouncycastle\bcprov-jdk15on\1.69\bcprov-jdk15on-1.69.jar;C:\Users\ustjavafsdb416\.m2\repository\org\bouncycastle\bcutil-jdk15on\1.69\bcutil-jdk15on-1.69.jar;C:\Users\ustjavafsdb416\.m2\repository\org\springframework\cloud\spring-cloud-netflix-eureka-server\4.0.0\spring-cloud-netflix-eureka-server-4.0.0.jar;C:\Users\ustjavafsdb416\.m2\repository\org\springframework\boot\spring-boot-starter-web\3.0.2\spring-boot-starter-web-3.0.2.jar;C:\Users\ustjavafsdb416\.m2\repository\org\springframework\boot\spring-boot-starter-json\3.0.2\spring-boot-starter-json-3.0.2.jar;C:\Users\ustjavafsdb416\.m2\repository\com\fasterxml\jackson\datatype\jackson-datatype-jdk8\2.14.1\jackson-datatype-jdk8-2.14.1.jar;C:\Users\ustjavafsdb416\.m2\repository\com\fasterxml\jackson\datatype\jackson-datatype-jsr310\2.14.1\jackson-datatype-jsr310-2.14.1.jar;C:\Users\ustjavafsdb416\.m2\repository\com\fasterxml\jackson\module\jackson-module-parameter-names\2.14.1\jackson-module-parameter-names-2.14.1.jar;C:\Users\ustjavafsdb416\.m2\repository\org\springframework\boot\spring-boot-starter-tomcat\3.0.2\spring-boot-starter-tomcat-3.0.2.jar;C:\Users\ustjavafsdb416\.m2\repository\org\apache\tomcat\embed\tomcat-embed-core\10.1.5\tomcat-embed-core-10.1.5.jar;C:\Users\ustjavafsdb416\.m2\repository\org\apache\tomcat\embed\tomcat-embed-el\10.1.5\tomcat-embed-el-10.1.5.jar;C:\Users\ustjavafsdb416\.m2\repository\org\apache\tomcat\embed\tomcat-embed-websocket\10.1.5\tomcat-embed-websocket-10.1.5.jar;C:\Users\ustjavafsdb416\.m2\repository\org\springframework\spring-web\6.0.4\spring-web-6.0.4.jar;C:\Users\ustjavafsdb416\.m2\repository\org\springframework\spring-beans\6.0.4\spring-beans-6.0.4.jar;C:\Users\ustjavafsdb416\.m2\repository\org\springframework\spring-webmvc\6.0.4\spring-webmvc-6.0.4.jar;C:\Users\ustjavafsdb416\.m2\repository\org\springframework\spring-aop\6.0.4\spring-aop-6.0.4.jar;C:\Users\ustjavafsdb416\.m2\repository\org\springframework\spring-expression\6.0.4\spring-expression-6.0.4.jar;C:\Users\ustjavafsdb416\.m2\repository\org\springframework\boot\spring-boot-starter-actuator\3.0.2\spring-boot-starter-actuator-3.0.2.jar;C:\Users\ustjavafsdb416\.m2\repository\org\springframework\boot\spring-boot-actuator-autoconfigure\3.0.2\spring-boot-actuator-autoconfigure-3.0.2.jar;C:\Users\ustjavafsdb416\.m2\repository\org\springframework\boot\spring-boot-actuator\3.0.2\spring-boot-actuator-3.0.2.jar;C:\Users\ustjavafsdb416\.m2\repository\io\micrometer\micrometer-observation\1.10.3\micrometer-observation-1.10.3.jar;C:\Users\ustjavafsdb416\.m2\repository\io\micrometer\micrometer-commons\1.10.3\micrometer-commons-1.10.3.jar;C:\Users\ustjavafsdb416\.m2\repository\io\micrometer\micrometer-core\1.10.3\micrometer-core-1.10.3.jar;C:\Users\ustjavafsdb416\.m2\repository\org\hdrhistogram\HdrHistogram\2.1.12\HdrHistogram-2.1.12.jar;C:\Users\ustjavafsdb416\.m2\repository\org\latencyutils\LatencyUtils\2.0.3\LatencyUtils-2.0.3.jar;C:\Users\ustjavafsdb416\.m2\repository\org\springframework\boot\spring-boot-starter-freemarker\3.0.2\spring-boot-starter-freemarker-3.0.2.jar;C:\Users\ustjavafsdb416\.m2\repository\org\freemarker\freemarker\2.3.32\freemarker-2.3.32.jar;C:\Users\ustjavafsdb416\.m2\repository\org\springframework\spring-context-support\6.0.4\spring-context-support-6.0.4.jar;C:\Users\ustjavafsdb416\.m2\repository\org\springframework\cloud\spring-cloud-netflix-eureka-client\4.0.0\spring-cloud-netflix-eureka-client-4.0.0.jar;C:\Users\ustjavafsdb416\.m2\repository\com\netflix\eureka\eureka-client\2.0.0\eureka-client-2.0.0.jar;C:\Users\ustjavafsdb416\.m2\repository\com\netflix\netflix-commons\netflix-eventbus\0.3.0\netflix-eventbus-0.3.0.jar;C:\Users\ustjavafsdb416\.m2\repository\com\netflix\netflix-commons\netflix-infix\0.3.0\netflix-infix-0.3.0.jar;C:\Users\ustjavafsdb416\.m2\repository\commons-jxpath\commons-jxpath\1.3\commons-jxpath-1.3.jar;C:\Users\ustjavafsdb416\.m2\repository\joda-time\joda-time\2.3\joda-time-2.3.jar;C:\Users\ustjavafsdb416\.m2\repository\org\antlr\antlr-runtime\3.4\antlr-runtime-3.4.jar;C:\Users\ustjavafsdb416\.m2\repository\org\antlr\stringtemplate\3.2.1\stringtemplate-3.2.1.jar;C:\Users\ustjavafsdb416\.m2\repository\antlr\antlr\2.7.7\antlr-2.7.7.jar;C:\Users\ustjavafsdb416\.m2\repository\com\google\code\gson\gson\2.9.1\gson-2.9.1.jar;C:\Users\ustjavafsdb416\.m2\repository\org\apache\commons\commons-math\2.2\commons-math-2.2.jar;C:\Users\ustjavafsdb416\.m2\repository\com\thoughtworks\xstream\xstream\1.4.19\xstream-1.4.19.jar;C:\Users\ustjavafsdb416\.m2\repository\io\github\x-stream\mxparser\1.2.2\mxparser-1.2.2.jar;C:\Users\ustjavafsdb416\.m2\repository\xmlpull\xmlpull\1.1.3.1\xmlpull-1.1.3.1.jar;C:\Users\ustjavafsdb416\.m2\repository\com\netflix\servo\servo-core\0.12.21\servo-core-0.12.21.jar;C:\Users\ustjavafsdb416\.m2\repository\com\google\guava\guava\19.0\guava-19.0.jar;C:\Users\ustjavafsdb416\.m2\repository\org\apache\httpcomponents\httpclient\4.5.14\httpclient-4.5.14.jar;C:\Users\ustjavafsdb416\.m2\repository\org\apache\httpcomponents\httpcore\4.4.16\httpcore-4.4.16.jar;C:\Users\ustjavafsdb416\.m2\repository\commons-configuration\commons-configuration\1.10\commons-configuration-1.10.jar;C:\Users\ustjavafsdb416\.m2\repository\commons-lang\commons-lang\2.6\commons-lang-2.6.jar;C:\Users\ustjavafsdb416\.m2\repository\org\codehaus\jettison\jettison\1.4.0\jettison-1.4.0.jar;C:\Users\ustjavafsdb416\.m2\repository\org\apache\httpcomponents\client5\httpclient5\5.1.4\httpclient5-5.1.4.jar;C:\Users\ustjavafsdb416\.m2\repository\org\apache\httpcomponents\core5\httpcore5\5.1.5\httpcore5-5.1.5.jar;C:\Users\ustjavafsdb416\.m2\repository\org\apache\httpcomponents\core5\httpcore5-h2\5.1.5\httpcore5-h2-5.1.5.jar;C:\Users\ustjavafsdb416\.m2\repository\commons-codec\commons-codec\1.15\commons-codec-1.15.jar;C:\Users\ustjavafsdb416\.m2\repository\com\netflix\eureka\eureka-client-jersey3\2.0.0\eureka-client-jersey3-2.0.0.jar;C:\Users\ustjavafsdb416\.m2\repository\org\glassfish\jersey\connectors\jersey-apache-connector\3.1.0\jersey-apache-connector-3.1.0.jar;C:\Users\ustjavafsdb416\.m2\repository\com\netflix\eureka\eureka-core-jersey3\2.0.0\eureka-core-jersey3-2.0.0.jar;C:\Users\ustjavafsdb416\.m2\repository\com\netflix\eureka\eureka-core\2.0.0\eureka-core-2.0.0.jar;C:\Users\ustjavafsdb416\.m2\repository\jakarta\servlet\jakarta.servlet-api\6.0.0\jakarta.servlet-api-6.0.0.jar;C:\Users\ustjavafsdb416\.m2\repository\org\glassfish\jersey\containers\jersey-container-servlet\3.1.0\jersey-container-servlet-3.1.0.jar;C:\Users\ustjavafsdb416\.m2\repository\org\glassfish\jersey\containers\jersey-container-servlet-core\3.1.0\jersey-container-servlet-core-3.1.0.jar;C:\Users\ustjavafsdb416\.m2\repository\org\glassfish\jersey\core\jersey-common\3.1.0\jersey-common-3.1.0.jar;C:\Users\ustjavafsdb416\.m2\repository\org\glassfish\hk2\osgi-resource-locator\1.0.3\osgi-resource-locator-1.0.3.jar;C:\Users\ustjavafsdb416\.m2\repository\jakarta\ws\rs\jakarta.ws.rs-api\3.1.0\jakarta.ws.rs-api-3.1.0.jar;C:\Users\ustjavafsdb416\.m2\repository\org\glassfish\jersey\core\jersey-server\3.1.0\jersey-server-3.1.0.jar;C:\Users\ustjavafsdb416\.m2\repository\jakarta\validation\jakarta.validation-api\3.0.2\jakarta.validation-api-3.0.2.jar;C:\Users\ustjavafsdb416\.m2\repository\org\glassfish\jersey\core\jersey-client\3.1.0\jersey-client-3.1.0.jar;C:\Users\ustjavafsdb416\.m2\repository\org\glassfish\jersey\inject\jersey-hk2\3.1.0\jersey-hk2-3.1.0.jar;C:\Users\ustjavafsdb416\.m2\repository\org\glassfish\hk2\hk2-locator\3.0.3\hk2-locator-3.0.3.jar;C:\Users\ustjavafsdb416\.m2\repository\org\glassfish\hk2\external\aopalliance-repackaged\3.0.3\aopalliance-repackaged-3.0.3.jar;C:\Users\ustjavafsdb416\.m2\repository\org\glassfish\hk2\hk2-utils\3.0.3\hk2-utils-3.0.3.jar;C:\Users\ustjavafsdb416\.m2\repository\org\javassist\javassist\3.28.0-GA\javassist-3.28.0-GA.jar;C:\Users\ustjavafsdb416\.m2\repository\org\glassfish\hk2\spring-bridge\3.0.3\spring-bridge-3.0.3.jar;C:\Users\ustjavafsdb416\.m2\repository\org\glassfish\hk2\hk2-api\3.0.3\hk2-api-3.0.3.jar;C:\Users\ustjavafsdb416\.m2\repository\org\springframework\spring-context\6.0.4\spring-context-6.0.4.jar;C:\Users\ustjavafsdb416\.m2\repository\jakarta\inject\jakarta.inject-api\2.0.1\jakarta.inject-api-2.0.1.jar;C:\Users\ustjavafsdb416\.m2\repository\com\fasterxml\jackson\dataformat\jackson-dataformat-xml\2.14.1\jackson-dataformat-xml-2.14.1.jar;C:\Users\ustjavafsdb416\.m2\repository\com\fasterxml\jackson\core\jackson-core\2.14.1\jackson-core-2.14.1.jar;C:\Users\ustjavafsdb416\.m2\repository\com\fasterxml\jackson\core\jackson-annotations\2.14.1\jackson-annotations-2.14.1.jar;C:\Users\ustjavafsdb416\.m2\repository\com\fasterxml\jackson\core\jackson-databind\2.14.1\jackson-databind-2.14.1.jar;C:\Users\ustjavafsdb416\.m2\repository\org\codehaus\woodstox\stax2-api\4.2.1\stax2-api-4.2.1.jar;C:\Users\ustjavafsdb416\.m2\repository\com\fasterxml\woodstox\woodstox-core\6.4.0\woodstox-core-6.4.0.jar;C:\Users\ustjavafsdb416\.m2\repository\org\springframework\cloud\spring-cloud-starter-loadbalancer\4.0.0\spring-cloud-starter-loadbalancer-4.0.0.jar;C:\Users\ustjavafsdb416\.m2\repository\org\springframework\cloud\spring-cloud-loadbalancer\4.0.0\spring-cloud-loadbalancer-4.0.0.jar;C:\Users\ustjavafsdb416\.m2\repository\io\projectreactor\reactor-core\3.5.2\reactor-core-3.5.2.jar;C:\Users\ustjavafsdb416\.m2\repository\org\reactivestreams\reactive-streams\1.0.4\reactive-streams-1.0.4.jar;C:\Users\ustjavafsdb416\.m2\repository\io\projectreactor\addons\reactor-extra\3.5.0\reactor-extra-3.5.0.jar;C:\Users\ustjavafsdb416\.m2\repository\org\springframework\boot\spring-boot-starter-cache\3.0.2\spring-boot-starter-cache-3.0.2.jar;C:\Users\ustjavafsdb416\.m2\repository\com\stoyanr\evictor\1.0.0\evictor-1.0.0.jar;C:\Users\ustjavafsdb416\.m2\repository\org\glassfish\jaxb\jaxb-runtime\4.0.1\jaxb-runtime-4.0.1.jar;C:\Users\ustjavafsdb416\.m2\repository\org\glassfish\jaxb\jaxb-core\4.0.1\jaxb-core-4.0.1.jar;C:\Users\ustjavafsdb416\.m2\repository\org\eclipse\angus\angus-activation\1.0.0\angus-activation-1.0.0.jar;C:\Users\ustjavafsdb416\.m2\repository\org\glassfish\jaxb\txw2\4.0.1\txw2-4.0.1.jar;C:\Users\ustjavafsdb416\.m2\repository\com\sun\istack\istack-commons-runtime\4.1.1\istack-commons-runtime-4.1.1.jar;C:\Users\ustjavafsdb416\.m2\repository\org\springframework\boot\spring-boot-starter-test\3.0.2\spring-boot-starter-test-3.0.2.jar;C:\Users\ustjavafsdb416\.m2\repository\org\springframework\boot\spring-boot-starter\3.0.2\spring-boot-starter-3.0.2.jar;C:\Users\ustjavafsdb416\.m2\repository\org\springframework\boot\spring-boot\3.0.2\spring-boot-3.0.2.jar;C:\Users\ustjavafsdb416\.m2\repository\org\springframework\boot\spring-boot-autoconfigure\3.0.2\spring-boot-autoconfigure-3.0.2.jar;C:\Users\ustjavafsdb416\.m2\repository\org\springframework\boot\spring-boot-starter-logging\3.0.2\spring-boot-starter-logging-3.0.2.jar;C:\Users\ustjavafsdb416\.m2\repository\ch\qos\logback\logback-classic\1.4.5\logback-classic-1.4.5.jar;C:\Users\ustjavafsdb416\.m2\repository\ch\qos\logback\logback-core\1.4.5\logback-core-1.4.5.jar;C:\Users\ustjavafsdb416\.m2\repository\org\apache\logging\log4j\log4j-to-slf4j\2.19.0\log4j-to-slf4j-2.19.0.jar;C:\Users\ustjavafsdb416\.m2\repository\org\apache\logging\log4j\log4j-api\2.19.0\log4j-api-2.19.0.jar;C:\Users\ustjavafsdb416\.m2\repository\org\slf4j\jul-to-slf4j\2.0.6\jul-to-slf4j-2.0.6.jar;C:\Users\ustjavafsdb416\.m2\repository\jakarta\annotation\jakarta.annotation-api\2.1.1\jakarta.annotation-api-2.1.1.jar;C:\Users\ustjavafsdb416\.m2\repository\org\yaml\snakeyaml\1.33\snakeyaml-1.33.jar;C:\Users\ustjavafsdb416\.m2\repository\org\springframework\boot\spring-boot-test\3.0.2\spring-boot-test-3.0.2.jar;C:\Users\ustjavafsdb416\.m2\repository\org\springframework\boot\spring-boot-test-autoconfigure\3.0.2\spring-boot-test-autoconfigure-3.0.2.jar;C:\Users\ustjavafsdb416\.m2\repository\com\jayway\jsonpath\json-path\2.7.0\json-path-2.7.0.jar;C:\Users\ustjavafsdb416\.m2\repository\net\minidev\json-smart\2.4.8\json-smart-2.4.8.jar;C:\Users\ustjavafsdb416\.m2\repository\net\minidev\accessors-smart\2.4.8\accessors-smart-2.4.8.jar;C:\Users\ustjavafsdb416\.m2\repository\org\ow2\asm\asm\9.1\asm-9.1.jar;C:\Users\ustjavafsdb416\.m2\repository\org\slf4j\slf4j-api\2.0.6\slf4j-api-2.0.6.jar;C:\Users\ustjavafsdb416\.m2\repository\jakarta\xml\bind\jakarta.xml.bind-api\4.0.0\jakarta.xml.bind-api-4.0.0.jar;C:\Users\ustjavafsdb416\.m2\repository\jakarta\activation\jakarta.activation-api\2.1.1\jakarta.activation-api-2.1.1.jar;C:\Users\ustjavafsdb416\.m2\repository\org\assertj\assertj-core\3.23.1\assertj-core-3.23.1.jar;C:\Users\ustjavafsdb416\.m2\repository\net\bytebuddy\byte-buddy\1.12.22\byte-buddy-1.12.22.jar;C:\Users\ustjavafsdb416\.m2\repository\org\hamcrest\hamcrest\2.2\hamcrest-2.2.jar;C:\Users\ustjavafsdb416\.m2\repository\org\junit\jupiter\junit-jupiter\5.9.2\junit-jupiter-5.9.2.jar;C:\Users\ustjavafsdb416\.m2\repository\org\junit\jupiter\junit-jupiter-api\5.9.2\junit-jupiter-api-5.9.2.jar;C:\Users\ustjavafsdb416\.m2\repository\org\opentest4j\opentest4j\1.2.0\opentest4j-1.2.0.jar;C:\Users\ustjavafsdb416\.m2\repository\org\junit\platform\junit-platform-commons\1.9.2\junit-platform-commons-1.9.2.jar;C:\Users\ustjavafsdb416\.m2\repository\org\apiguardian\apiguardian-api\1.1.2\apiguardian-api-1.1.2.jar;C:\Users\ustjavafsdb416\.m2\repository\org\junit\jupiter\junit-jupiter-params\5.9.2\junit-jupiter-params-5.9.2.jar;C:\Users\ustjavafsdb416\.m2\repository\org\junit\jupiter\junit-jupiter-engine\5.9.2\junit-jupiter-engine-5.9.2.jar;C:\Users\ustjavafsdb416\.m2\repository\org\junit\platform\junit-platform-engine\1.9.2\junit-platform-engine-1.9.2.jar;C:\Users\ustjavafsdb416\.m2\repository\org\mockito\mockito-core\4.8.1\mockito-core-4.8.1.jar;C:\Users\ustjavafsdb416\.m2\repository\net\bytebuddy\byte-buddy-agent\1.12.22\byte-buddy-agent-1.12.22.jar;C:\Users\ustjavafsdb416\.m2\repository\org\objenesis\objenesis\3.2\objenesis-3.2.jar;C:\Users\ustjavafsdb416\.m2\repository\org\mockito\mockito-junit-jupiter\4.8.1\mockito-junit-jupiter-4.8.1.jar;C:\Users\ustjavafsdb416\.m2\repository\org\skyscreamer\jsonassert\1.5.1\jsonassert-1.5.1.jar;C:\Users\ustjavafsdb416\.m2\repository\com\vaadin\external\google\android-json\0.0.20131108.vaadin1\android-json-0.0.20131108.vaadin1.jar;C:\Users\ustjavafsdb416\.m2\repository\org\springframework\spring-core\6.0.4\spring-core-6.0.4.jar;C:\Users\ustjavafsdb416\.m2\repository\org\springframework\spring-jcl\6.0.4\spring-jcl-6.0.4.jar;C:\Users\ustjavafsdb416\.m2\repository\org\springframework\spring-test\6.0.4\spring-test-6.0.4.jar;C:\Users\ustjavafsdb416\.m2\repository\org\xmlunit\xmlunit-core\2.9.1\xmlunit-core-2.9.1.jar;"/>
    <property name="sun.cpu.endian" value="little"/>
    <property name="user.home" value="C:\Users\ustjavafsdb416"/>
    <property name="user.language" value="en"/>
    <property name="java.specification.vendor" value="Oracle Corporation"/>
    <property name="java.version.date" value="2022-10-18"/>
    <property name="java.home" value="C:\Users\ustjavafsdb416\.p2\pool\plugins\org.eclipse.justj.openjdk.hotspot.jre.full.win32.x86_64_17.0.5.v20221102-0933\jre"/>
    <property name="file.separator" value="\"/>
    <property name="style.color" value="always"/>
    <property name="basedir" value="E:\Eurkea and Api gatway naveen\New folder (2)\eurekanaming-server"/>
    <property name="java.vm.compressedOopsMode" value="Zero based"/>
    <property name="line.separator" value="&#10;"/>
    <property name="java.vm.specification.vendor" value="Oracle Corporation"/>
    <property name="java.specification.name" value="Java Platform API Specification"/>
    <property name="surefire.real.class.path" value="C:\Users\USTJAV~1\AppData\Local\Temp\surefire12027849989585197990\surefirebooter200555603124949437.jar"/>
    <property name="user.script" value=""/>
    <property name="sun.management.compiler" value="HotSpot 64-Bit Tiered Compilers"/>
    <property name="java.runtime.version" value="17.0.5+8"/>
    <property name="user.name" value="ustjavafsdb416"/>
    <property name="path.separator" value=";"/>
    <property name="os.version" value="10.0"/>
    <property name="java.runtime.name" value="OpenJDK Runtime Environment"/>
    <property name="file.encoding" value="Cp1252"/>
    <property name="java.vm.name" value="OpenJDK 64-Bit Server VM"/>
    <property name="java.vendor.version" value="Temurin-17.0.5+8"/>
    <property name="localRepository" value="C:\Users\ustjavafsdb416\.m2\repository"/>
    <property name="java.vendor.url.bug" value="https://github.com/adoptium/adoptium-support/issues"/>
    <property name="java.io.tmpdir" value="C:\Users\USTJAV~1\AppData\Local\Temp\"/>
    <property name="java.version" value="17.0.5"/>
    <property name="user.dir" value="E:\Eurkea and Api gatway naveen\New folder (2)\eurekanaming-server"/>
    <property name="os.arch" value="amd64"/>
    <property name="java.vm.specification.name" value="Java Virtual Machine Specification"/>
    <property name="sun.os.patch.level" value=""/>
    <property name="native.encoding" value="Cp1252"/>
    <property name="java.library.path" value="C:\Users\ustjavafsdb416\.p2\pool\plugins\org.eclipse.justj.openjdk.hotspot.jre.full.win32.x86_64_17.0.5.v20221102-0933\jre\bin;C:\Windows\Sun\Java\bin;C:\Windows\system32;C:\Windows;C:/Users/ustjavafsdb416/.p2/pool/plugins/org.eclipse.justj.openjdk.hotspot.jre.full.win32.x86_64_17.0.5.v20221102-0933/jre/bin/server;C:/Users/ustjavafsdb416/.p2/pool/plugins/org.eclipse.justj.openjdk.hotspot.jre.full.win32.x86_64_17.0.5.v20221102-0933/jre/bin;C:\Program Files\Common Files\Oracle\Java\javapath;C:\Windows\system32;C:\Windows;C:\Windows\System32\Wbem;C:\Windows\System32\WindowsPowerShell\v1.0\;C:\Windows\System32\OpenSSH\;C:\Program Files\Java\jdk-11.0.15\bin;C:\Program Files (x86)\Citrix\HDX\bin\;C:\Program Files\Citrix\HDX\bin\;C:\Program Files\Docker\Docker\resources\bin;C:\Program Files\Kubernetes\Minikube;C:\Program Files\Maven\apache-maven-3.8.7\bin;C:\Program Files\Amazon\AWSCLIV2\;C:\Program Files\nodejs\;C:\Program Files\Git\cmd;C:\Program Files\MySQL\MySQL Shell 8.0\bin\;C:\Users\ustjavafsdb416\AppData\Local\Microsoft\WindowsApps;C:\Users\ustjavafsdb416\AppData\Local\GitHubDesktop\bin;C:\Program Files\JetBrains\IntelliJ IDEA Community Edition 2022.3.1\bin;;C:\Users\ustjavafsdb416\AppData\Roaming\npm;C:\Windows\system32;;."/>
    <property name="java.vm.info" value="mixed mode"/>
    <property name="java.vendor" value="Eclipse Adoptium"/>
    <property name="java.vm.version" value="17.0.5+8"/>
    <property name="sun.io.unicode.encoding" value="UnicodeLittle"/>
    <property name="java.class.version" value="61.0"/>
  </properties>
  <testcase name="com.example.demo.EurekanamingServerApplicationTests" classname="com.example.demo.EurekanamingServerApplicationTests" time="0.452">
    <error message="Unable to find a @SpringBootConfiguration, you need to use @ContextConfiguration or @SpringBootTest(classes=...) with your test" type="java.lang.IllegalStateException">java.lang.IllegalStateException: Unable to find a @SpringBootConfiguration, you need to use @ContextConfiguration or @SpringBootTest(classes=...) with your test
</error>
    <system-out><![CDATA[17:02:57.811 [main] DEBUG org.springframework.boot.test.context.SpringBootTestContextBootstrapper - Neither @ContextConfiguration nor @ContextHierarchy found for test class [EurekanamingServerApplicationTests]: using SpringBootContextLoader
17:02:57.820 [main] DEBUG org.springframework.test.context.support.AbstractContextLoader - Could not detect default resource locations for test class [com.example.demo.EurekanamingServerApplicationTests]: no resource found for suffixes {-context.xml, Context.groovy}.
17:02:57.821 [main] INFO org.springframework.test.context.support.AnnotationConfigContextLoaderUtils - Could not detect default configuration classes for test class [com.example.demo.EurekanamingServerApplicationTests]: EurekanamingServerApplicationTests does not declare any static, non-private, non-final, nested classes annotated with @Configuration.
17:02:57.855 [main] DEBUG org.springframework.boot.test.context.SpringBootTestContextBootstrapper - Using ContextCustomizers for test class [EurekanamingServerApplicationTests]: [ExcludeFilterContextCustomizer, DuplicateJsonObjectContextCustomizer, MockitoContextCustomizer, TestRestTemplateContextCustomizer, DisableObservabilityContextCustomizer, PropertyMappingContextCustomizer, Customizer]
]]></system-out>
  </testcase>
</testsuite>